{"C:\\Users\\burdo\\Desktop\\_repos\\WILD-CODE-SCHOOL-SINGLES\\solo-rush\\server\\src\\app.ts": {"path":"C:\\Users\\burdo\\Desktop\\_repos\\WILD-CODE-SCHOOL-SINGLES\\solo-rush\\server\\src\\app.ts","statementMap":{"0":{"start":{"line":7,"column":19},"end":{"line":7,"column":28}},"1":{"start":{"line":10,"column":0},"end":{"line":12,"column":1}},"2":{"start":{"line":11,"column":1},"end":{"line":11,"column":51}},"3":{"start":{"line":14,"column":0},"end":{"line":14,"column":24}},"4":{"start":{"line":16,"column":0},"end":{"line":16,"column":43}},"5":{"start":{"line":19,"column":0},"end":{"line":19,"column":19}}},"fnMap":{},"branchMap":{"0":{"loc":{"start":{"line":10,"column":0},"end":{"line":12,"column":1}},"type":"if","locations":[{"start":{"line":10,"column":0},"end":{"line":12,"column":1}},{"start":{},"end":{}}]}},"s":{"0":0,"1":0,"2":0,"3":0,"4":0,"5":0},"f":{},"b":{"0":[0,0]}}
,"C:\\Users\\burdo\\Desktop\\_repos\\WILD-CODE-SCHOOL-SINGLES\\solo-rush\\server\\src\\server.ts": {"path":"C:\\Users\\burdo\\Desktop\\_repos\\WILD-CODE-SCHOOL-SINGLES\\solo-rush\\server\\src\\server.ts","statementMap":{"0":{"start":{"line":5,"column":13},"end":{"line":5,"column":33}},"1":{"start":{"line":6,"column":0},"end":{"line":6,"column":27}},"2":{"start":{"line":9,"column":0},"end":{"line":13,"column":3}},"3":{"start":{"line":10,"column":1},"end":{"line":10,"column":53}},"4":{"start":{"line":12,"column":1},"end":{"line":12,"column":38}}},"fnMap":{"0":{"name":"(anonymous_0)","decl":{"start":{"line":9,"column":17},"end":{"line":9,"column":20}},"loc":{"start":{"line":9,"column":22},"end":{"line":11,"column":1}}},"1":{"name":"(anonymous_1)","decl":{"start":{"line":11,"column":15},"end":{"line":11,"column":16}},"loc":{"start":{"line":11,"column":30},"end":{"line":13,"column":1}}}},"branchMap":{},"s":{"0":0,"1":0,"2":0,"3":0,"4":0},"f":{"0":0,"1":0},"b":{}}
,"C:\\Users\\burdo\\Desktop\\_repos\\WILD-CODE-SCHOOL-SINGLES\\solo-rush\\server\\src\\TEMP\\math.ts": {"path":"C:\\Users\\burdo\\Desktop\\_repos\\WILD-CODE-SCHOOL-SINGLES\\solo-rush\\server\\src\\TEMP\\math.ts","statementMap":{"0":{"start":{"line":1,"column":19},"end":{"line":6,"column":1}},"1":{"start":{"line":2,"column":4},"end":{"line":4,"column":5}},"2":{"start":{"line":3,"column":8},"end":{"line":3,"column":53}},"3":{"start":{"line":5,"column":4},"end":{"line":5,"column":17}},"4":{"start":{"line":1,"column":13},"end":{"line":1,"column":19}},"5":{"start":{"line":8,"column":22},"end":{"line":13,"column":1}},"6":{"start":{"line":9,"column":4},"end":{"line":11,"column":5}},"7":{"start":{"line":10,"column":8},"end":{"line":10,"column":44}},"8":{"start":{"line":12,"column":4},"end":{"line":12,"column":17}},"9":{"start":{"line":8,"column":13},"end":{"line":8,"column":22}}},"fnMap":{"0":{"name":"(anonymous_0)","decl":{"start":{"line":1,"column":19},"end":{"line":1,"column":20}},"loc":{"start":{"line":1,"column":44},"end":{"line":6,"column":1}}},"1":{"name":"(anonymous_1)","decl":{"start":{"line":8,"column":22},"end":{"line":8,"column":23}},"loc":{"start":{"line":8,"column":47},"end":{"line":13,"column":1}}}},"branchMap":{"0":{"loc":{"start":{"line":2,"column":4},"end":{"line":4,"column":5}},"type":"if","locations":[{"start":{"line":2,"column":4},"end":{"line":4,"column":5}},{"start":{},"end":{}}]},"1":{"loc":{"start":{"line":2,"column":8},"end":{"line":2,"column":54}},"type":"binary-expr","locations":[{"start":{"line":2,"column":8},"end":{"line":2,"column":29}},{"start":{"line":2,"column":33},"end":{"line":2,"column":54}}]},"2":{"loc":{"start":{"line":9,"column":4},"end":{"line":11,"column":5}},"type":"if","locations":[{"start":{"line":9,"column":4},"end":{"line":11,"column":5}},{"start":{},"end":{}}]}},"s":{"0":1,"1":5,"2":2,"3":3,"4":1,"5":1,"6":3,"7":1,"8":2,"9":1},"f":{"0":5,"1":3},"b":{"0":[2,3],"1":[5,4],"2":[1,2]}}
,"C:\\Users\\burdo\\Desktop\\_repos\\WILD-CODE-SCHOOL-SINGLES\\solo-rush\\server\\src\\controllers\\tierLists.controller.ts": {"path":"C:\\Users\\burdo\\Desktop\\_repos\\WILD-CODE-SCHOOL-SINGLES\\solo-rush\\server\\src\\controllers\\tierLists.controller.ts","statementMap":{"0":{"start":{"line":16,"column":70},"end":{"line":27,"column":1}},"1":{"start":{"line":21,"column":1},"end":{"line":26,"column":2}},"2":{"start":{"line":22,"column":32},"end":{"line":22,"column":56}},"3":{"start":{"line":23,"column":2},"end":{"line":23,"column":34}},"4":{"start":{"line":25,"column":2},"end":{"line":25,"column":12}},"5":{"start":{"line":32,"column":4},"end":{"line":63,"column":1}},"6":{"start":{"line":33,"column":1},"end":{"line":62,"column":2}},"7":{"start":{"line":34,"column":27},"end":{"line":34,"column":57}},"8":{"start":{"line":35,"column":2},"end":{"line":38,"column":3}},"9":{"start":{"line":36,"column":3},"end":{"line":36,"column":49}},"10":{"start":{"line":37,"column":3},"end":{"line":37,"column":10}},"11":{"start":{"line":40,"column":45},"end":{"line":41,"column":null}},"12":{"start":{"line":43,"column":2},"end":{"line":46,"column":3}},"13":{"start":{"line":44,"column":3},"end":{"line":44,"column":58}},"14":{"start":{"line":45,"column":3},"end":{"line":45,"column":10}},"15":{"start":{"line":48,"column":37},"end":{"line":57,"column":4}},"16":{"start":{"line":52,"column":54},"end":{"line":56,"column":5}},"17":{"start":{"line":59,"column":2},"end":{"line":59,"column":33}},"18":{"start":{"line":61,"column":2},"end":{"line":61,"column":12}},"19":{"start":{"line":68,"column":4},"end":{"line":95,"column":1}},"20":{"start":{"line":69,"column":30},"end":{"line":69,"column":38}},"21":{"start":{"line":71,"column":1},"end":{"line":94,"column":2}},"22":{"start":{"line":72,"column":44},"end":{"line":75,"column":4}},"23":{"start":{"line":76,"column":2},"end":{"line":79,"column":3}},"24":{"start":{"line":77,"column":3},"end":{"line":77,"column":58}},"25":{"start":{"line":78,"column":3},"end":{"line":78,"column":10}},"26":{"start":{"line":81,"column":37},"end":{"line":90,"column":4}},"27":{"start":{"line":85,"column":53},"end":{"line":89,"column":5}},"28":{"start":{"line":91,"column":2},"end":{"line":91,"column":33}},"29":{"start":{"line":93,"column":2},"end":{"line":93,"column":12}},"30":{"start":{"line":100,"column":4},"end":{"line":116,"column":1}},"31":{"start":{"line":101,"column":1},"end":{"line":115,"column":2}},"32":{"start":{"line":102,"column":19},"end":{"line":102,"column":49}},"33":{"start":{"line":103,"column":2},"end":{"line":106,"column":3}},"34":{"start":{"line":104,"column":3},"end":{"line":104,"column":49}},"35":{"start":{"line":105,"column":3},"end":{"line":105,"column":10}},"36":{"start":{"line":107,"column":22},"end":{"line":107,"column":52}},"37":{"start":{"line":108,"column":2},"end":{"line":111,"column":3}},"38":{"start":{"line":109,"column":3},"end":{"line":109,"column":58}},"39":{"start":{"line":110,"column":3},"end":{"line":110,"column":10}},"40":{"start":{"line":112,"column":2},"end":{"line":112,"column":22}},"41":{"start":{"line":114,"column":2},"end":{"line":114,"column":12}},"42":{"start":{"line":118,"column":50},"end":{"line":149,"column":1}},"43":{"start":{"line":119,"column":26},"end":{"line":119,"column":56}},"44":{"start":{"line":120,"column":30},"end":{"line":120,"column":38}},"45":{"start":{"line":122,"column":1},"end":{"line":148,"column":2}},"46":{"start":{"line":123,"column":48},"end":{"line":127,"column":4}},"47":{"start":{"line":129,"column":2},"end":{"line":132,"column":3}},"48":{"start":{"line":130,"column":3},"end":{"line":130,"column":58}},"49":{"start":{"line":131,"column":3},"end":{"line":131,"column":10}},"50":{"start":{"line":134,"column":37},"end":{"line":143,"column":4}},"51":{"start":{"line":138,"column":57},"end":{"line":142,"column":5}},"52":{"start":{"line":145,"column":2},"end":{"line":145,"column":33}},"53":{"start":{"line":147,"column":2},"end":{"line":147,"column":12}}},"fnMap":{"0":{"name":"(anonymous_0)","decl":{"start":{"line":16,"column":70},"end":{"line":16,"column":75}},"loc":{"start":{"line":20,"column":4},"end":{"line":27,"column":1}}},"1":{"name":"(anonymous_1)","decl":{"start":{"line":32,"column":4},"end":{"line":32,"column":9}},"loc":{"start":{"line":32,"column":29},"end":{"line":63,"column":1}}},"2":{"name":"(anonymous_2)","decl":{"start":{"line":52,"column":31},"end":{"line":52,"column":32}},"loc":{"start":{"line":52,"column":54},"end":{"line":56,"column":5}}},"3":{"name":"(anonymous_3)","decl":{"start":{"line":68,"column":4},"end":{"line":68,"column":9}},"loc":{"start":{"line":68,"column":29},"end":{"line":95,"column":1}}},"4":{"name":"(anonymous_4)","decl":{"start":{"line":85,"column":30},"end":{"line":85,"column":31}},"loc":{"start":{"line":85,"column":53},"end":{"line":89,"column":5}}},"5":{"name":"(anonymous_5)","decl":{"start":{"line":100,"column":4},"end":{"line":100,"column":9}},"loc":{"start":{"line":100,"column":29},"end":{"line":116,"column":1}}},"6":{"name":"(anonymous_6)","decl":{"start":{"line":118,"column":50},"end":{"line":118,"column":55}},"loc":{"start":{"line":118,"column":75},"end":{"line":149,"column":1}}},"7":{"name":"(anonymous_7)","decl":{"start":{"line":138,"column":34},"end":{"line":138,"column":35}},"loc":{"start":{"line":138,"column":57},"end":{"line":142,"column":5}}}},"branchMap":{"0":{"loc":{"start":{"line":35,"column":2},"end":{"line":38,"column":3}},"type":"if","locations":[{"start":{"line":35,"column":2},"end":{"line":38,"column":3}},{"start":{},"end":{}}]},"1":{"loc":{"start":{"line":43,"column":2},"end":{"line":46,"column":3}},"type":"if","locations":[{"start":{"line":43,"column":2},"end":{"line":46,"column":3}},{"start":{},"end":{}}]},"2":{"loc":{"start":{"line":76,"column":2},"end":{"line":79,"column":3}},"type":"if","locations":[{"start":{"line":76,"column":2},"end":{"line":79,"column":3}},{"start":{},"end":{}}]},"3":{"loc":{"start":{"line":103,"column":2},"end":{"line":106,"column":3}},"type":"if","locations":[{"start":{"line":103,"column":2},"end":{"line":106,"column":3}},{"start":{},"end":{}}]},"4":{"loc":{"start":{"line":108,"column":2},"end":{"line":111,"column":3}},"type":"if","locations":[{"start":{"line":108,"column":2},"end":{"line":111,"column":3}},{"start":{},"end":{}}]},"5":{"loc":{"start":{"line":129,"column":2},"end":{"line":132,"column":3}},"type":"if","locations":[{"start":{"line":129,"column":2},"end":{"line":132,"column":3}},{"start":{},"end":{}}]}},"s":{"0":0,"1":0,"2":0,"3":0,"4":0,"5":0,"6":0,"7":0,"8":0,"9":0,"10":0,"11":0,"12":0,"13":0,"14":0,"15":0,"16":0,"17":0,"18":0,"19":0,"20":0,"21":0,"22":0,"23":0,"24":0,"25":0,"26":0,"27":0,"28":0,"29":0,"30":0,"31":0,"32":0,"33":0,"34":0,"35":0,"36":0,"37":0,"38":0,"39":0,"40":0,"41":0,"42":0,"43":0,"44":0,"45":0,"46":0,"47":0,"48":0,"49":0,"50":0,"51":0,"52":0,"53":0},"f":{"0":0,"1":0,"2":0,"3":0,"4":0,"5":0,"6":0,"7":0},"b":{"0":[0,0],"1":[0,0],"2":[0,0],"3":[0,0],"4":[0,0],"5":[0,0]}}
,"C:\\Users\\burdo\\Desktop\\_repos\\WILD-CODE-SCHOOL-SINGLES\\solo-rush\\server\\src\\middlewares\\logErrors.ts": {"path":"C:\\Users\\burdo\\Desktop\\_repos\\WILD-CODE-SCHOOL-SINGLES\\solo-rush\\server\\src\\middlewares\\logErrors.ts","statementMap":{"0":{"start":{"line":7,"column":46},"end":{"line":13,"column":1}},"1":{"start":{"line":9,"column":4},"end":{"line":9,"column":23}},"2":{"start":{"line":10,"column":4},"end":{"line":10,"column":51}},"3":{"start":{"line":12,"column":4},"end":{"line":12,"column":14}}},"fnMap":{"0":{"name":"(anonymous_0)","decl":{"start":{"line":7,"column":46},"end":{"line":7,"column":47}},"loc":{"start":{"line":7,"column":70},"end":{"line":13,"column":1}}}},"branchMap":{},"s":{"0":0,"1":0,"2":0,"3":0},"f":{"0":0},"b":{}}
,"C:\\Users\\burdo\\Desktop\\_repos\\WILD-CODE-SCHOOL-SINGLES\\solo-rush\\server\\src\\models\\db_model.ts": {"path":"C:\\Users\\burdo\\Desktop\\_repos\\WILD-CODE-SCHOOL-SINGLES\\solo-rush\\server\\src\\models\\db_model.ts","statementMap":{"0":{"start":{"line":4,"column":0},"end":{"line":4,"column":16}},"1":{"start":{"line":6,"column":17},"end":{"line":11,"column":2}}},"fnMap":{},"branchMap":{},"s":{"0":0,"1":0},"f":{},"b":{}}
,"C:\\Users\\burdo\\Desktop\\_repos\\WILD-CODE-SCHOOL-SINGLES\\solo-rush\\server\\src\\models\\tierLists.model.ts": {"path":"C:\\Users\\burdo\\Desktop\\_repos\\WILD-CODE-SCHOOL-SINGLES\\solo-rush\\server\\src\\models\\tierLists.model.ts","statementMap":{"0":{"start":{"line":13,"column":16},"end":{"line":14,"column":null}},"1":{"start":{"line":16,"column":1},"end":{"line":16,"column":13}},"2":{"start":{"line":22,"column":16},"end":{"line":33,"column":null}},"3":{"start":{"line":35,"column":1},"end":{"line":35,"column":36}},"4":{"start":{"line":35,"column":24},"end":{"line":35,"column":36}},"5":{"start":{"line":36,"column":1},"end":{"line":36,"column":13}},"6":{"start":{"line":43,"column":26},"end":{"line":45,"column":null}},"7":{"start":{"line":47,"column":31},"end":{"line":47,"column":54}},"8":{"start":{"line":49,"column":27},"end":{"line":49,"column":65}},"9":{"start":{"line":49,"column":47},"end":{"line":49,"column":54}},"10":{"start":{"line":51,"column":37},"end":{"line":51,"column":39}},"11":{"start":{"line":52,"column":1},"end":{"line":55,"column":2}},"12":{"start":{"line":53,"column":2},"end":{"line":53,"column":33}},"13":{"start":{"line":54,"column":2},"end":{"line":54,"column":29}},"14":{"start":{"line":57,"column":1},"end":{"line":60,"column":3}},"15":{"start":{"line":62,"column":16},"end":{"line":73,"column":null}},"16":{"start":{"line":75,"column":1},"end":{"line":75,"column":36}},"17":{"start":{"line":75,"column":24},"end":{"line":75,"column":36}},"18":{"start":{"line":77,"column":1},"end":{"line":77,"column":13}},"19":{"start":{"line":81,"column":18},"end":{"line":83,"column":null}},"20":{"start":{"line":86,"column":1},"end":{"line":86,"column":28}},"21":{"start":{"line":99,"column":1},"end":{"line":102,"column":3}},"22":{"start":{"line":105,"column":1},"end":{"line":107,"column":4}},"23":{"start":{"line":110,"column":1},"end":{"line":123,"column":2}},"24":{"start":{"line":111,"column":28},"end":{"line":111,"column":67}},"25":{"start":{"line":111,"column":48},"end":{"line":111,"column":56}},"26":{"start":{"line":112,"column":38},"end":{"line":112,"column":40}},"27":{"start":{"line":114,"column":2},"end":{"line":117,"column":3}},"28":{"start":{"line":115,"column":3},"end":{"line":115,"column":34}},"29":{"start":{"line":116,"column":3},"end":{"line":116,"column":28}},"30":{"start":{"line":119,"column":2},"end":{"line":122,"column":4}},"31":{"start":{"line":126,"column":16},"end":{"line":138,"column":null}},"32":{"start":{"line":141,"column":1},"end":{"line":141,"column":36}},"33":{"start":{"line":141,"column":24},"end":{"line":141,"column":36}},"34":{"start":{"line":143,"column":1},"end":{"line":143,"column":13}}},"fnMap":{"0":{"name":"findAllTierLists","decl":{"start":{"line":12,"column":22},"end":{"line":12,"column":38}},"loc":{"start":{"line":12,"column":38},"end":{"line":17,"column":1}}},"1":{"name":"findTierListById","decl":{"start":{"line":19,"column":22},"end":{"line":19,"column":38}},"loc":{"start":{"line":20,"column":11},"end":{"line":37,"column":1}}},"2":{"name":"insertTierList","decl":{"start":{"line":39,"column":22},"end":{"line":39,"column":36}},"loc":{"start":{"line":42,"column":14},"end":{"line":78,"column":1}}},"3":{"name":"(anonymous_3)","decl":{"start":{"line":49,"column":41},"end":{"line":49,"column":44}},"loc":{"start":{"line":49,"column":47},"end":{"line":49,"column":54}}},"4":{"name":"deleteTierList","decl":{"start":{"line":80,"column":22},"end":{"line":80,"column":36}},"loc":{"start":{"line":80,"column":47},"end":{"line":87,"column":1}}},"5":{"name":"updateTierList","decl":{"start":{"line":89,"column":22},"end":{"line":89,"column":36}},"loc":{"start":{"line":97,"column":1},"end":{"line":144,"column":1}}},"6":{"name":"(anonymous_6)","decl":{"start":{"line":111,"column":42},"end":{"line":111,"column":45}},"loc":{"start":{"line":111,"column":48},"end":{"line":111,"column":56}}}},"branchMap":{"0":{"loc":{"start":{"line":35,"column":1},"end":{"line":35,"column":36}},"type":"if","locations":[{"start":{"line":35,"column":1},"end":{"line":35,"column":36}},{"start":{},"end":{}}]},"1":{"loc":{"start":{"line":75,"column":1},"end":{"line":75,"column":36}},"type":"if","locations":[{"start":{"line":75,"column":1},"end":{"line":75,"column":36}},{"start":{},"end":{}}]},"2":{"loc":{"start":{"line":110,"column":1},"end":{"line":123,"column":2}},"type":"if","locations":[{"start":{"line":110,"column":1},"end":{"line":123,"column":2}},{"start":{},"end":{}}]},"3":{"loc":{"start":{"line":141,"column":1},"end":{"line":141,"column":36}},"type":"if","locations":[{"start":{"line":141,"column":1},"end":{"line":141,"column":36}},{"start":{},"end":{}}]}},"s":{"0":0,"1":0,"2":0,"3":0,"4":0,"5":0,"6":0,"7":0,"8":0,"9":0,"10":0,"11":0,"12":0,"13":0,"14":0,"15":0,"16":0,"17":0,"18":0,"19":0,"20":0,"21":0,"22":0,"23":0,"24":0,"25":0,"26":0,"27":0,"28":0,"29":0,"30":0,"31":0,"32":0,"33":0,"34":0},"f":{"0":0,"1":0,"2":0,"3":0,"4":0,"5":0,"6":0},"b":{"0":[0,0],"1":[0,0],"2":[0,0],"3":[0,0]}}
,"C:\\Users\\burdo\\Desktop\\_repos\\WILD-CODE-SCHOOL-SINGLES\\solo-rush\\server\\src\\routes\\tierLists.routes.ts": {"path":"C:\\Users\\burdo\\Desktop\\_repos\\WILD-CODE-SCHOOL-SINGLES\\solo-rush\\server\\src\\routes\\tierLists.routes.ts","statementMap":{"0":{"start":{"line":10,"column":15},"end":{"line":10,"column":31}},"1":{"start":{"line":12,"column":0},"end":{"line":12,"column":33}},"2":{"start":{"line":13,"column":0},"end":{"line":13,"column":36}},"3":{"start":{"line":14,"column":0},"end":{"line":14,"column":33}},"4":{"start":{"line":15,"column":0},"end":{"line":15,"column":42}},"5":{"start":{"line":16,"column":0},"end":{"line":16,"column":39}}},"fnMap":{},"branchMap":{},"s":{"0":0,"1":0,"2":0,"3":0,"4":0,"5":0},"f":{},"b":{}}
}
